12/19/18 23:53:04:674[3828][FATAL][baseserver.cpp:136] hello server 0 
12/19/18 23:53:04:680[3828][FATAL][baseserver.cpp:136] hello server 8 
12/19/18 23:54:00:899[3828][FATAL][baseserver.cpp:136] hello server 0 
12/19/18 23:54:00:906[3828][FATAL][baseserver.cpp:136] hello server 8 
12/19/18 23:54:05:740[3828][FATAL][baseserver.cpp:136] hello server 0 
12/19/18 23:54:05:744[3828][FATAL][baseserver.cpp:136] hello server 8 
12/19/18 23:59:43:176[3828][FATAL][baseserver.cpp:136] hello server 0 
12/19/18 23:59:43:176[3828][FATAL][baseserver.cpp:136] hello server 1 
12/19/18 23:59:43:192[3828][FATAL][baseserver.cpp:136] hello server 2 
12/19/18 23:59:43:192[3828][FATAL][baseserver.cpp:136] hello server 3 
12/19/18 23:59:43:192[3828][FATAL][baseserver.cpp:136] hello server 4 
12/19/18 23:59:43:192[3828][FATAL][baseserver.cpp:136] hello server 5 
12/19/18 23:59:43:208[3828][FATAL][baseserver.cpp:136] hello server 6 
12/19/18 23:59:43:208[3828][FATAL][baseserver.cpp:136] hello server 7 
12/19/18 23:59:43:208[3828][FATAL][baseserver.cpp:136] hello server 8 
12/19/18 23:59:43:223[3828][FATAL][baseserver.cpp:136] hello server 9 
12/19/18 23:59:53:270[3828][FATAL][baseserver.cpp:136] hello server 0 
12/19/18 23:59:53:285[3828][FATAL][baseserver.cpp:136] hello server 1 
12/19/18 23:59:53:285[3828][FATAL][baseserver.cpp:136] hello server 2 
12/19/18 23:59:53:285[3828][FATAL][baseserver.cpp:136] hello server 3 
12/19/18 23:59:53:301[3828][FATAL][baseserver.cpp:136] hello server 4 
12/19/18 23:59:53:301[3828][FATAL][baseserver.cpp:136] hello server 5 
12/19/18 23:59:53:301[3828][FATAL][baseserver.cpp:136] hello server 6 
12/19/18 23:59:53:316[3828][FATAL][baseserver.cpp:136] hello server 7 
12/19/18 23:59:53:316[3828][FATAL][baseserver.cpp:136] hello server 8 
12/19/18 23:59:53:316[3828][FATAL][baseserver.cpp:136] hello server 9 
12/20/18 00:06:11:876[3420][INFO][baseserver.cpp:136] hello server 0 
12/20/18 00:06:11:876[3420][INFO][baseserver.cpp:136] hello server 1 
12/20/18 00:06:11:876[3420][INFO][baseserver.cpp:136] hello server 2 
12/20/18 00:06:11:876[3420][INFO][baseserver.cpp:136] hello server 3 
12/20/18 00:06:11:892[3420][INFO][baseserver.cpp:136] hello server 4 
12/20/18 00:06:11:892[3420][INFO][baseserver.cpp:136] hello server 5 
12/20/18 00:06:11:892[3420][INFO][baseserver.cpp:136] hello server 6 
12/20/18 00:06:11:907[3420][INFO][baseserver.cpp:136] hello server 7 
12/20/18 00:06:11:907[3420][INFO][baseserver.cpp:136] hello server 8 
12/20/18 00:06:11:907[3420][INFO][baseserver.cpp:136] hello server 9 
12/22/18 21:08:58:740[3120][INFO][baseserver.cpp:136] hello server 0recv. 
12/22/18 21:08:58:746[3120][INFO][baseserver.cpp:136] hello server 1recv. 
12/22/18 21:08:58:754[3120][INFO][baseserver.cpp:136] hello server 2recv. 
12/22/18 21:08:58:760[3120][INFO][baseserver.cpp:136] hello server 3recv. 
12/22/18 21:08:58:764[3120][INFO][baseserver.cpp:136] hello server 4recv. 
12/22/18 21:08:58:770[3120][INFO][baseserver.cpp:136] hello server 5recv. 
12/22/18 21:08:58:775[3120][INFO][baseserver.cpp:136] hello server 6recv. 
12/22/18 21:08:58:779[3120][INFO][baseserver.cpp:136] hello server 7recv. 
12/22/18 21:08:58:785[3120][INFO][baseserver.cpp:136] hello server 8recv. 
12/22/18 21:08:58:790[3120][INFO][baseserver.cpp:136] hello server 9recv. 
12/22/18 21:09:01:551[3120][INFO][baseserver.cpp:136] hello server 0recv. 
12/22/18 21:09:01:556[3120][INFO][baseserver.cpp:136] hello server 1recv. 
12/22/18 21:09:01:561[3120][INFO][baseserver.cpp:136] hello server 2recv. 
12/22/18 21:09:01:565[3120][INFO][baseserver.cpp:136] hello server 3recv. 
12/22/18 21:09:01:570[3120][INFO][baseserver.cpp:136] hello server 4recv. 
12/22/18 21:09:01:576[3120][INFO][baseserver.cpp:136] hello server 5recv. 
12/22/18 21:09:01:581[3120][INFO][baseserver.cpp:136] hello server 6recv. 
12/22/18 21:09:01:586[3120][INFO][baseserver.cpp:136] hello server 7recv. 
12/22/18 21:09:01:592[3120][INFO][baseserver.cpp:136] hello server 8recv. 
12/22/18 21:09:01:596[3120][INFO][baseserver.cpp:136] hello server 9recv. 
12/22/18 21:09:02:582[3120][INFO][baseserver.cpp:136] hello server 0recv. 
12/22/18 21:09:02:587[3120][INFO][baseserver.cpp:136] hello server 1recv. 
12/22/18 21:09:02:592[3120][INFO][baseserver.cpp:136] hello server 2recv. 
12/22/18 21:09:02:601[3120][INFO][baseserver.cpp:136] hello server 3recv. 
12/22/18 21:09:02:605[3120][INFO][baseserver.cpp:136] hello server 4recv. 
12/22/18 21:09:02:612[3120][INFO][baseserver.cpp:136] hello server 5recv. 
12/22/18 21:09:02:618[3120][INFO][baseserver.cpp:136] hello server 6recv. 
12/22/18 21:09:02:623[3120][INFO][baseserver.cpp:136] hello server 7recv. 
12/22/18 21:09:02:631[3120][INFO][baseserver.cpp:136] hello server 8recv. 
12/22/18 21:09:02:636[3120][INFO][baseserver.cpp:136] hello server 9recv. 
12/22/18 21:09:03:237[3120][INFO][baseserver.cpp:136] hello server 0recv. 
12/22/18 21:09:03:244[3120][INFO][baseserver.cpp:136] hello server 1recv. 
12/22/18 21:09:03:251[3120][INFO][baseserver.cpp:136] hello server 2recv. 
12/22/18 21:09:03:259[3120][INFO][baseserver.cpp:136] hello server 3recv. 
12/22/18 21:09:03:269[3120][INFO][baseserver.cpp:136] hello server 4recv. 
12/22/18 21:25:24:683[3728][INFO][baseserver.cpp:128] socket: 236 closed. 
12/22/18 21:25:26:368[3728][INFO][baseserver.cpp:128] socket: 236 closed. 
12/22/18 21:25:27:273[3728][INFO][baseserver.cpp:128] socket: 236 closed. 
12/22/18 21:25:27:975[3728][INFO][baseserver.cpp:128] socket: 236 closed. 
12/22/18 21:25:28:521[3728][INFO][baseserver.cpp:128] socket: 236 closed. 
12/22/18 21:25:29:054[3728][INFO][baseserver.cpp:128] socket: 236 closed. 
12/22/18 21:25:29:679[3728][INFO][baseserver.cpp:128] socket: 236 closed. 
12/22/18 21:25:30:272[3728][INFO][baseserver.cpp:128] socket: 236 closed. 
12/22/18 21:25:30:802[3728][INFO][baseserver.cpp:128] socket: 236 closed. 
12/22/18 21:25:31:380[3728][INFO][baseserver.cpp:128] socket: 236 closed. 
12/22/18 21:25:31:988[3728][INFO][baseserver.cpp:128] socket: 236 closed. 
12/22/18 21:25:33:033[3728][INFO][baseserver.cpp:128] socket: 236 closed. 
12/22/18 21:25:33:642[3728][INFO][baseserver.cpp:128] socket: 236 closed. 
12/22/18 21:25:34:250[3728][INFO][baseserver.cpp:128] socket: 236 closed. 
12/22/18 21:50:37:466[3672][INFO][baseserver.cpp:153] re-post a WSARecv. 
12/22/18 21:50:37:471[3672][INFO][baseserver.cpp:153] re-post a WSARecv. 
12/22/18 21:50:37:475[3672][INFO][baseserver.cpp:153] re-post a WSARecv. 
12/22/18 21:50:37:481[3672][INFO][baseserver.cpp:153] re-post a WSARecv. 
12/22/18 21:50:37:485[3672][INFO][baseserver.cpp:153] re-post a WSARecv. 
12/22/18 21:50:37:489[3672][INFO][baseserver.cpp:153] re-post a WSARecv. 
12/22/18 21:50:37:496[3672][INFO][baseserver.cpp:153] re-post a WSARecv. 
12/22/18 21:50:37:501[3672][INFO][baseserver.cpp:153] re-post a WSARecv. 
12/22/18 21:50:37:505[3672][INFO][baseserver.cpp:153] re-post a WSARecv. 
12/22/18 21:50:37:512[3672][INFO][baseserver.cpp:153] re-post a WSARecv. 
12/22/18 21:50:37:516[3672][INFO][baseserver.cpp:134] socket: 236 closed. 
12/22/18 21:50:42:467[3672][INFO][baseserver.cpp:153] re-post a WSARecv. 
12/22/18 21:50:42:468[3344][INFO][baseserver.cpp:153] re-post a WSARecv. 
12/22/18 21:50:42:474[3672][INFO][baseserver.cpp:153] re-post a WSARecv. 
12/22/18 21:50:42:478[3344][INFO][baseserver.cpp:153] re-post a WSARecv. 
12/22/18 21:50:42:481[3672][INFO][baseserver.cpp:134] socket: 236 closed. 
12/22/18 21:50:43:667[3672][INFO][baseserver.cpp:153] re-post a WSARecv. 
12/22/18 21:50:43:667[3344][INFO][baseserver.cpp:153] re-post a WSARecv. 
12/22/18 21:50:43:682[3672][INFO][baseserver.cpp:153] re-post a WSARecv. 
12/22/18 21:50:43:682[3344][INFO][baseserver.cpp:153] re-post a WSARecv. 
12/22/18 21:50:43:682[3672][INFO][baseserver.cpp:134] socket: 236 closed. 
12/22/18 21:50:44:337[3672][INFO][baseserver.cpp:153] re-post a WSARecv. 
12/22/18 21:50:44:337[3344][INFO][baseserver.cpp:153] re-post a WSARecv. 
12/22/18 21:50:44:337[3672][INFO][baseserver.cpp:153] re-post a WSARecv. 
12/22/18 21:50:44:353[3344][INFO][baseserver.cpp:153] re-post a WSARecv. 
12/22/18 21:50:44:353[3672][INFO][baseserver.cpp:134] socket: 236 closed. 
